<?xml version="1.0" encoding="UTF-8"?>
<testng-results ignored="0" total="1" passed="1" failed="0" skipped="0">
  <reporter-output>
  </reporter-output>
  <suite started-at="2024-08-14T13:00:59Z" name="Default suite" finished-at="2024-08-14T13:01:07Z" duration-ms="7427">
    <groups>
    </groups>
    <test started-at="2024-08-14T13:00:59Z" name="Default test" finished-at="2024-08-14T13:01:07Z" duration-ms="7427">
      <class name="wikipediaApplTest.SearchFunctionality">
        <test-method is-config="true" signature="wikipediaTest()[pri:0, instance:wikipediaApplTest.SearchFunctionality@4ff8d125]" started-at="2024-08-14T13:00:59Z" name="wikipediaTest" finished-at="2024-08-14T13:01:04Z" duration-ms="4192" status="PASS">
          <reporter-output>
          </reporter-output>
        </test-method> <!-- wikipediaTest -->
        <test-method signature="searchFunctionalities()[pri:0, instance:wikipediaApplTest.SearchFunctionality@4ff8d125]" started-at="2024-08-14T13:01:04Z" name="searchFunctionalities" finished-at="2024-08-14T13:01:07Z" duration-ms="2903" status="PASS">
          <reporter-output>
          </reporter-output>
        </test-method> <!-- searchFunctionalities -->
        <test-method is-config="true" signature="closeApplication()[pri:0, instance:wikipediaApplTest.SearchFunctionality@4ff8d125]" started-at="2024-08-14T13:01:07Z" name="closeApplication" finished-at="2024-08-14T13:01:07Z" duration-ms="304" status="PASS">
          <reporter-output>
          </reporter-output>
        </test-method> <!-- closeApplication -->
      </class> <!-- wikipediaApplTest.SearchFunctionality -->
    </test> <!-- Default test -->
  </suite> <!-- Default suite -->
</testng-results>
