<?xml version="1.0" encoding="UTF-8"?>
<testng-results ignored="0" total="1" passed="1" failed="0" skipped="0">
  <reporter-output>
  </reporter-output>
  <suite started-at="2024-08-14T13:42:19Z" name="Default suite" finished-at="2024-08-14T13:42:29Z" duration-ms="9542">
    <groups>
    </groups>
    <test started-at="2024-08-14T13:42:19Z" name="Default test" finished-at="2024-08-14T13:42:29Z" duration-ms="9542">
      <class name="wikipediaApplTest.SearchFunctionality">
        <test-method is-config="true" signature="wikipediaTest()[pri:0, instance:wikipediaApplTest.SearchFunctionality@4ff8d125]" started-at="2024-08-14T13:42:19Z" name="wikipediaTest" finished-at="2024-08-14T13:42:25Z" duration-ms="5916" status="PASS">
          <reporter-output>
          </reporter-output>
        </test-method> <!-- wikipediaTest -->
        <test-method signature="searchFunctionalities()[pri:0, instance:wikipediaApplTest.SearchFunctionality@4ff8d125]" started-at="2024-08-14T13:42:25Z" name="searchFunctionalities" finished-at="2024-08-14T13:42:29Z" duration-ms="3264" status="PASS">
          <reporter-output>
          </reporter-output>
        </test-method> <!-- searchFunctionalities -->
        <test-method is-config="true" signature="closeApplication()[pri:0, instance:wikipediaApplTest.SearchFunctionality@4ff8d125]" started-at="2024-08-14T13:42:29Z" name="closeApplication" finished-at="2024-08-14T13:42:29Z" duration-ms="334" status="PASS">
          <reporter-output>
          </reporter-output>
        </test-method> <!-- closeApplication -->
      </class> <!-- wikipediaApplTest.SearchFunctionality -->
    </test> <!-- Default test -->
  </suite> <!-- Default suite -->
</testng-results>
